<?xml version="1.0" encoding="UTF-8"?>
<testsuite name="org.jrimum.vallia.digitoverificador.TestBoletoLinhaDigitavelDV" time="0" tests="8" errors="0" skipped="0" failures="0">
  <properties>
    <property name="jansi.mode" value="force"/>
    <property name="java.runtime.name" value="OpenJDK Runtime Environment"/>
    <property name="java.vm.version" value="18.0.2+9-61"/>
    <property name="sun.boot.library.path" value="D:\software\jdk-18.0.2\bin"/>
    <property name="maven.multiModuleProjectDirectory" value="D:\software\workspace\jrimum-vallia"/>
    <property name="java.vm.vendor" value="Oracle Corporation"/>
    <property name="java.vendor.url" value="https://java.oracle.com/"/>
    <property name="guice.disable.misplaced.annotation.check" value="true"/>
    <property name="path.separator" value=";"/>
    <property name="java.vm.name" value="OpenJDK 64-Bit Server VM"/>
    <property name="sun.os.patch.level" value=""/>
    <property name="user.script" value=""/>
    <property name="user.country" value="BR"/>
    <property name="sun.java.launcher" value="SUN_STANDARD"/>
    <property name="java.vm.specification.name" value="Java Virtual Machine Specification"/>
    <property name="user.dir" value="D:\software\workspace\jrimum-vallia"/>
    <property name="java.vm.compressedOopsMode" value="Zero based"/>
    <property name="java.runtime.version" value="18.0.2+9-61"/>
    <property name="os.arch" value="amd64"/>
    <property name="java.io.tmpdir" value="C:\Users\ANDRES~1\AppData\Local\Temp\"/>
    <property name="line.separator" value="&#10;"/>
    <property name="java.vm.specification.vendor" value="Oracle Corporation"/>
    <property name="user.variant" value=""/>
    <property name="stderr.encoding" value="UTF-8"/>
    <property name="os.name" value="Windows 11"/>
    <property name="classworlds.conf" value="D:\software\workspace\.metadata\.plugins\org.eclipse.m2e.launching\launches\m2conf16088045004372452885.tmp"/>
    <property name="sun.jnu.encoding" value="Cp1252"/>
    <property name="stdout.encoding" value="UTF-8"/>
    <property name="java.library.path" value="D:\software\jdk-18.0.2\bin;C:\WINDOWS\Sun\Java\bin;C:\WINDOWS\system32;C:\WINDOWS;D:/software/eclipse2023//plugins/org.eclipse.justj.openjdk.hotspot.jre.full.win32.x86_64_17.0.10.v20240120-1143/jre/bin/server;D:/software/eclipse2023//plugins/org.eclipse.justj.openjdk.hotspot.jre.full.win32.x86_64_17.0.10.v20240120-1143/jre/bin;C:\Python312\Scripts\;C:\Python312\;C:\Windows\system32;C:\Windows;C:\Windows\System32\Wbem;C:\Windows\System32\WindowsPowerShell\v1.0\;C:\Windows\System32\OpenSSH\;C:\Program Files\dotnet\;C:\Program Files (x86)\Intel\Intel(R) Management Engine Components\DAL;C:\Program Files\Intel\Intel(R) Management Engine Components\DAL;C:\Program Files (x86)\NVIDIA Corporation\PhysX\Common;C:\Program Files\nodejs\;C:\Program Files (x86)\GitExtensions\;C:\ProgramData\chocolatey\bin;;%SystemRoot%\system32;%SystemRoot%;%SystemRoot%\System32\Wbem;%SYSTEMROOT%\System32\WindowsPowerShell\v1.0\;%SYSTEMROOT%\System32\OpenSSH\;C:\Users\Andre Such\AppData\Local\Microsoft\WindowsApps;C:\Users\Andre Such\AppData\Roaming\npm;C:\Users\Andre Such\AppData\Local\Programs\EmEditor;C:\Users\Andre Such\AppData\Local\Programs\Microsoft VS Code\bin;;D:\software\eclipse2023;;."/>
    <property name="jdk.debug" value="release"/>
    <property name="java.class.version" value="62.0"/>
    <property name="java.specification.name" value="Java Platform API Specification"/>
    <property name="sun.management.compiler" value="HotSpot 64-Bit Tiered Compilers"/>
    <property name="os.version" value="10.0"/>
    <property name="user.home" value="C:\Users\Andre Such"/>
    <property name="user.timezone" value="America/Sao_Paulo"/>
    <property name="file.encoding" value="UTF-8"/>
    <property name="java.specification.version" value="18"/>
    <property name="user.name" value="Andre Such"/>
    <property name="java.class.path" value="D:\software\eclipse2023\plugins\org.eclipse.m2e.maven.runtime_3.9.500.20231113-2345\jars\plexus-classworlds-2.7.0.jar"/>
    <property name="java.vm.specification.version" value="18"/>
    <property name="sun.arch.data.model" value="64"/>
    <property name="sun.java.command" value="org.codehaus.plexus.classworlds.launcher.Launcher -B -Dstyle.color=always -gs D:\MAVEN.M2\settings.xml -s D:\MAVEN.M2\settings.xml clean install"/>
    <property name="java.home" value="D:\software\jdk-18.0.2"/>
    <property name="user.language" value="pt"/>
    <property name="java.specification.vendor" value="Oracle Corporation"/>
    <property name="java.vm.info" value="mixed mode, sharing"/>
    <property name="java.version" value="18.0.2"/>
    <property name="native.encoding" value="Cp1252"/>
    <property name="java.vendor" value="Oracle Corporation"/>
    <property name="maven.home" value="D:\software\workspace\jrimum-vallia\EMBEDDED"/>
    <property name="style.color" value="always"/>
    <property name="file.separator" value="\"/>
    <property name="java.version.date" value="2022-07-19"/>
    <property name="java.vendor.url.bug" value="https://bugreport.java.com/bugreport/"/>
    <property name="sun.io.unicode.encoding" value="UnicodeLittle"/>
    <property name="sun.cpu.endian" value="little"/>
    <property name="m2e.build.project.data.socket.port" value="53165"/>
    <property name="sun.cpu.isalist" value="amd64"/>
  </properties>
  <testcase name="quandoNumeroNullDisparaExcecao" classname="org.jrimum.vallia.digitoverificador.TestBoletoLinhaDigitavelDV" time="0"/>
  <testcase name="seNumeroComPontoMaiorQue10DigitosDisparaExcecao" classname="org.jrimum.vallia.digitoverificador.TestBoletoLinhaDigitavelDV" time="0"/>
  <testcase name="seNumeroComPontoMenorQue9DigitosDisparaExcecao" classname="org.jrimum.vallia.digitoverificador.TestBoletoLinhaDigitavelDV" time="0"/>
  <testcase name="quandoNumeroNoFormatoCorretoCalculaDigitoCorretamente_String" classname="org.jrimum.vallia.digitoverificador.TestBoletoLinhaDigitavelDV" time="0"/>
  <testcase name="seNumeroSemPontoMenorQue9DigitosDisparaExcecao" classname="org.jrimum.vallia.digitoverificador.TestBoletoLinhaDigitavelDV" time="0"/>
  <testcase name="quandoStringComLetrasDisparaExcecao" classname="org.jrimum.vallia.digitoverificador.TestBoletoLinhaDigitavelDV" time="0"/>
  <testcase name="quandoNumeroNoFormatoCorretoCalculaDigitoCorretamente_Long" classname="org.jrimum.vallia.digitoverificador.TestBoletoLinhaDigitavelDV" time="0"/>
  <testcase name="seNumeroSemPontoMaiorQue10DigitosDisparaExcecao" classname="org.jrimum.vallia.digitoverificador.TestBoletoLinhaDigitavelDV" time="0"/>
</testsuite>